------------------------------------------------
â° Sync Started at Sun, Feb  1, 2026  3:34:15 PM
âš™ï¸  Remote 'internal' not found. Adding it...
ðŸ“¥ Fetching from GitHub (origin)...
ðŸ“¤ Mirroring to GitLab (internal)...
remote: 
remote: To create a merge request for develop, visit:        
remote:   https://gitlab.demisco.com/acorex/acorex-demo/-/merge_requests/new?merge_request%5Bsource_branch%5D=develop        
remote: 
remote: 
remote: To create a merge request for doc/accordion-padding-x, visit:        
remote:   https://gitlab.demisco.com/acorex/acorex-demo/-/merge_requests/new?merge_request%5Bsource_branch%5D=doc%2Faccordion-padding-x        
remote: 
remote: 
remote: To create a merge request for doc/core, visit:        
remote:   https://gitlab.demisco.com/acorex/acorex-demo/-/merge_requests/new?merge_request%5Bsource_branch%5D=doc%2Fcore        
remote: 
remote: 
remote: To create a merge request for feat/ssg-routes, visit:        
remote:   https://gitlab.demisco.com/acorex/acorex-demo/-/merge_requests/new?merge_request%5Bsource_branch%5D=feat%2Fssg-routes        
remote: 
To https://gitlab.demisco.com/acorex/acorex-demo.git
 + fe03a42...996dbc8 origin/main -> main (forced update)
 * [new branch]      origin/develop -> develop
 * [new branch]      origin/doc/accordion-padding-x -> doc/accordion-padding-x
 * [new branch]      origin/doc/core -> doc/core
 * [new branch]      origin/feat/ssg-routes -> feat/ssg-routes
Everything up-to-date
âœ… Sync Success.
